[2021-01-27 21:39:02] local.ERROR: Undefined index: SERVER_PORT {"exception":"[object] (ErrorException(code: 0): Undefined index: SERVER_PORT at G:\\salepropos\\app\\Providers\\AppServiceProvider.php:31)
[stacktrace]
#0 G:\\salepropos\\app\\Providers\\AppServiceProvider.php(31): Illuminate\\Foundation\\Bootstrap\\HandleExceptions->handleError(8, 'Undefined index...', 'G:\\\\salepropos\\\\a...', 31, Array)
#1 [internal function]: App\\Providers\\AppServiceProvider->boot()
#2 G:\\salepropos\\vendor\\laravel\\framework\\src\\Illuminate\\Container\\BoundMethod.php(29): call_user_func_array(Array, Array)
#3 G:\\salepropos\\vendor\\laravel\\framework\\src\\Illuminate\\Container\\BoundMethod.php(87): Illuminate\\Container\\BoundMethod::Illuminate\\Container\\{closure}()
#4 G:\\salepropos\\vendor\\laravel\\framework\\src\\Illuminate\\Container\\BoundMethod.php(31): Illuminate\\Container\\BoundMethod::callBoundMethod(Object(Illuminate\\Foundation\\Application), Array, Object(Closure))
#5 G:\\salepropos\\vendor\\laravel\\framework\\src\\Illuminate\\Container\\Container.php(564): Illuminate\\Container\\BoundMethod::call(Object(Illuminate\\Foundation\\Application), Array, Array, NULL)
#6 G:\\salepropos\\vendor\\laravel\\framework\\src\\Illuminate\\Foundation\\Application.php(794): Illuminate\\Container\\Container->call(Array)
#7 G:\\salepropos\\vendor\\laravel\\framework\\src\\Illuminate\\Foundation\\Application.php(777): Illuminate\\Foundation\\Application->bootProvider(Object(App\\Providers\\AppServiceProvider))
#8 [internal function]: Illuminate\\Foundation\\Application->Illuminate\\Foundation\\{closure}(Object(App\\Providers\\AppServiceProvider), 23)
#9 G:\\salepropos\\vendor\\laravel\\framework\\src\\Illuminate\\Foundation\\Application.php(778): array_walk(Array, Object(Closure))
#10 G:\\salepropos\\vendor\\laravel\\framework\\src\\Illuminate\\Foundation\\Bootstrap\\BootProviders.php(17): Illuminate\\Foundation\\Application->boot()
#11 G:\\salepropos\\vendor\\laravel\\framework\\src\\Illuminate\\Foundation\\Application.php(206): Illuminate\\Foundation\\Bootstrap\\BootProviders->bootstrap(Object(Illuminate\\Foundation\\Application))
#12 G:\\salepropos\\vendor\\laravel\\framework\\src\\Illuminate\\Foundation\\Console\\Kernel.php(297): Illuminate\\Foundation\\Application->bootstrapWith(Array)
#13 G:\\salepropos\\vendor\\laravel\\framework\\src\\Illuminate\\Foundation\\Console\\Kernel.php(120): Illuminate\\Foundation\\Console\\Kernel->bootstrap()
#14 G:\\salepropos\\artisan(37): Illuminate\\Foundation\\Console\\Kernel->handle(Object(Symfony\\Component\\Console\\Input\\ArgvInput), Object(Symfony\\Component\\Console\\Output\\ConsoleOutput))
#15 {main}
"} 
[2021-01-27 21:45:07] local.ERROR: Undefined index: SERVER_PORT {"exception":"[object] (ErrorException(code: 0): Undefined index: SERVER_PORT at G:\\salepropos\\app\\Providers\\AppServiceProvider.php:31)
[stacktrace]
#0 G:\\salepropos\\app\\Providers\\AppServiceProvider.php(31): Illuminate\\Foundation\\Bootstrap\\HandleExceptions->handleError(8, 'Undefined index...', 'G:\\\\salepropos\\\\a...', 31, Array)
#1 [internal function]: App\\Providers\\AppServiceProvider->boot()
#2 G:\\salepropos\\vendor\\laravel\\framework\\src\\Illuminate\\Container\\BoundMethod.php(29): call_user_func_array(Array, Array)
#3 G:\\salepropos\\vendor\\laravel\\framework\\src\\Illuminate\\Container\\BoundMethod.php(87): Illuminate\\Container\\BoundMethod::Illuminate\\Container\\{closure}()
#4 G:\\salepropos\\vendor\\laravel\\framework\\src\\Illuminate\\Container\\BoundMethod.php(31): Illuminate\\Container\\BoundMethod::callBoundMethod(Object(Illuminate\\Foundation\\Application), Array, Object(Closure))
#5 G:\\salepropos\\vendor\\laravel\\framework\\src\\Illuminate\\Container\\Container.php(564): Illuminate\\Container\\BoundMethod::call(Object(Illuminate\\Foundation\\Application), Array, Array, NULL)
#6 G:\\salepropos\\vendor\\laravel\\framework\\src\\Illuminate\\Foundation\\Application.php(794): Illuminate\\Container\\Container->call(Array)
#7 G:\\salepropos\\vendor\\laravel\\framework\\src\\Illuminate\\Foundation\\Application.php(777): Illuminate\\Foundation\\Application->bootProvider(Object(App\\Providers\\AppServiceProvider))
#8 [internal function]: Illuminate\\Foundation\\Application->Illuminate\\Foundation\\{closure}(Object(App\\Providers\\AppServiceProvider), 23)
#9 G:\\salepropos\\vendor\\laravel\\framework\\src\\Illuminate\\Foundation\\Application.php(778): array_walk(Array, Object(Closure))
#10 G:\\salepropos\\vendor\\laravel\\framework\\src\\Illuminate\\Foundation\\Bootstrap\\BootProviders.php(17): Illuminate\\Foundation\\Application->boot()
#11 G:\\salepropos\\vendor\\laravel\\framework\\src\\Illuminate\\Foundation\\Application.php(206): Illuminate\\Foundation\\Bootstrap\\BootProviders->bootstrap(Object(Illuminate\\Foundation\\Application))
#12 G:\\salepropos\\vendor\\laravel\\framework\\src\\Illuminate\\Foundation\\Console\\Kernel.php(297): Illuminate\\Foundation\\Application->bootstrapWith(Array)
#13 G:\\salepropos\\vendor\\laravel\\framework\\src\\Illuminate\\Foundation\\Console\\Kernel.php(120): Illuminate\\Foundation\\Console\\Kernel->bootstrap()
#14 G:\\salepropos\\artisan(37): Illuminate\\Foundation\\Console\\Kernel->handle(Object(Symfony\\Component\\Console\\Input\\ArgvInput), Object(Symfony\\Component\\Console\\Output\\ConsoleOutput))
#15 {main}
"} 
[2021-01-27 21:45:31] local.ERROR: Undefined index: SERVER_PORT {"exception":"[object] (ErrorException(code: 0): Undefined index: SERVER_PORT at G:\\salepropos\\app\\Providers\\AppServiceProvider.php:31)
[stacktrace]
#0 G:\\salepropos\\app\\Providers\\AppServiceProvider.php(31): Illuminate\\Foundation\\Bootstrap\\HandleExceptions->handleError(8, 'Undefined index...', 'G:\\\\salepropos\\\\a...', 31, Array)
#1 [internal function]: App\\Providers\\AppServiceProvider->boot()
#2 G:\\salepropos\\vendor\\laravel\\framework\\src\\Illuminate\\Container\\BoundMethod.php(29): call_user_func_array(Array, Array)
#3 G:\\salepropos\\vendor\\laravel\\framework\\src\\Illuminate\\Container\\BoundMethod.php(87): Illuminate\\Container\\BoundMethod::Illuminate\\Container\\{closure}()
#4 G:\\salepropos\\vendor\\laravel\\framework\\src\\Illuminate\\Container\\BoundMethod.php(31): Illuminate\\Container\\BoundMethod::callBoundMethod(Object(Illuminate\\Foundation\\Application), Array, Object(Closure))
#5 G:\\salepropos\\vendor\\laravel\\framework\\src\\Illuminate\\Container\\Container.php(564): Illuminate\\Container\\BoundMethod::call(Object(Illuminate\\Foundation\\Application), Array, Array, NULL)
#6 G:\\salepropos\\vendor\\laravel\\framework\\src\\Illuminate\\Foundation\\Application.php(794): Illuminate\\Container\\Container->call(Array)
#7 G:\\salepropos\\vendor\\laravel\\framework\\src\\Illuminate\\Foundation\\Application.php(777): Illuminate\\Foundation\\Application->bootProvider(Object(App\\Providers\\AppServiceProvider))
#8 [internal function]: Illuminate\\Foundation\\Application->Illuminate\\Foundation\\{closure}(Object(App\\Providers\\AppServiceProvider), 23)
#9 G:\\salepropos\\vendor\\laravel\\framework\\src\\Illuminate\\Foundation\\Application.php(778): array_walk(Array, Object(Closure))
#10 G:\\salepropos\\vendor\\laravel\\framework\\src\\Illuminate\\Foundation\\Bootstrap\\BootProviders.php(17): Illuminate\\Foundation\\Application->boot()
#11 G:\\salepropos\\vendor\\laravel\\framework\\src\\Illuminate\\Foundation\\Application.php(206): Illuminate\\Foundation\\Bootstrap\\BootProviders->bootstrap(Object(Illuminate\\Foundation\\Application))
#12 G:\\salepropos\\vendor\\laravel\\framework\\src\\Illuminate\\Foundation\\Console\\Kernel.php(297): Illuminate\\Foundation\\Application->bootstrapWith(Array)
#13 G:\\salepropos\\vendor\\laravel\\framework\\src\\Illuminate\\Foundation\\Console\\Kernel.php(120): Illuminate\\Foundation\\Console\\Kernel->bootstrap()
#14 G:\\salepropos\\artisan(37): Illuminate\\Foundation\\Console\\Kernel->handle(Object(Symfony\\Component\\Console\\Input\\ArgvInput), Object(Symfony\\Component\\Console\\Output\\ConsoleOutput))
#15 {main}
"} 
[2021-01-27 21:45:46] local.ERROR: SQLSTATE[HY000] [1049] Unknown database 'salepropos' (SQL: select * from `general_settings` order by `created_at` desc limit 1) {"exception":"[object] (Illuminate\\Database\\QueryException(code: 1049): SQLSTATE[HY000] [1049] Unknown database 'salepropos' (SQL: select * from `general_settings` order by `created_at` desc limit 1) at G:\\salepropos\\vendor\\laravel\\framework\\src\\Illuminate\\Database\\Connection.php:664, Doctrine\\DBAL\\Driver\\PDOException(code: 1049): SQLSTATE[HY000] [1049] Unknown database 'salepropos' at G:\\salepropos\\vendor\\doctrine\\dbal\\lib\\Doctrine\\DBAL\\Driver\\PDOConnection.php:50, PDOException(code: 1049): SQLSTATE[HY000] [1049] Unknown database 'salepropos' at G:\\salepropos\\vendor\\doctrine\\dbal\\lib\\Doctrine\\DBAL\\Driver\\PDOConnection.php:46)
[stacktrace]
#0 G:\\salepropos\\vendor\\laravel\\framework\\src\\Illuminate\\Database\\Connection.php(624): Illuminate\\Database\\Connection->runQueryCallback('select * from `...', Array, Object(Closure))
#1 G:\\salepropos\\vendor\\laravel\\framework\\src\\Illuminate\\Database\\Connection.php(333): Illuminate\\Database\\Connection->run('select * from `...', Array, Object(Closure))
#2 G:\\salepropos\\vendor\\laravel\\framework\\src\\Illuminate\\Database\\Query\\Builder.php(1963): Illuminate\\Database\\Connection->select('select * from `...', Array, true)
#3 G:\\salepropos\\vendor\\laravel\\framework\\src\\Illuminate\\Database\\Query\\Builder.php(1951): Illuminate\\Database\\Query\\Builder->runSelect()
#4 G:\\salepropos\\vendor\\laravel\\framework\\src\\Illuminate\\Database\\Query\\Builder.php(2435): Illuminate\\Database\\Query\\Builder->Illuminate\\Database\\Query\\{closure}()
#5 G:\\salepropos\\vendor\\laravel\\framework\\src\\Illuminate\\Database\\Query\\Builder.php(1952): Illuminate\\Database\\Query\\Builder->onceWithColumns(Array, Object(Closure))
#6 G:\\salepropos\\vendor\\laravel\\framework\\src\\Illuminate\\Database\\Concerns\\BuildsQueries.php(77): Illuminate\\Database\\Query\\Builder->get(Array)
#7 G:\\salepropos\\app\\Providers\\AppServiceProvider.php(41): Illuminate\\Database\\Query\\Builder->first()
#8 [internal function]: App\\Providers\\AppServiceProvider->boot()
#9 G:\\salepropos\\vendor\\laravel\\framework\\src\\Illuminate\\Container\\BoundMethod.php(29): call_user_func_array(Array, Array)
#10 G:\\salepropos\\vendor\\laravel\\framework\\src\\Illuminate\\Container\\BoundMethod.php(87): Illuminate\\Container\\BoundMethod::Illuminate\\Container\\{closure}()
#11 G:\\salepropos\\vendor\\laravel\\framework\\src\\Illuminate\\Container\\BoundMethod.php(31): Illuminate\\Container\\BoundMethod::callBoundMethod(Object(Illuminate\\Foundation\\Application), Array, Object(Closure))
#12 G:\\salepropos\\vendor\\laravel\\framework\\src\\Illuminate\\Container\\Container.php(564): Illuminate\\Container\\BoundMethod::call(Object(Illuminate\\Foundation\\Application), Array, Array, NULL)
#13 G:\\salepropos\\vendor\\laravel\\framework\\src\\Illuminate\\Foundation\\Application.php(794): Illuminate\\Container\\Container->call(Array)
#14 G:\\salepropos\\vendor\\laravel\\framework\\src\\Illuminate\\Foundation\\Application.php(777): Illuminate\\Foundation\\Application->bootProvider(Object(App\\Providers\\AppServiceProvider))
#15 [internal function]: Illuminate\\Foundation\\Application->Illuminate\\Foundation\\{closure}(Object(App\\Providers\\AppServiceProvider), 23)
#16 G:\\salepropos\\vendor\\laravel\\framework\\src\\Illuminate\\Foundation\\Application.php(778): array_walk(Array, Object(Closure))
#17 G:\\salepropos\\vendor\\laravel\\framework\\src\\Illuminate\\Foundation\\Bootstrap\\BootProviders.php(17): Illuminate\\Foundation\\Application->boot()
#18 G:\\salepropos\\vendor\\laravel\\framework\\src\\Illuminate\\Foundation\\Application.php(206): Illuminate\\Foundation\\Bootstrap\\BootProviders->bootstrap(Object(Illuminate\\Foundation\\Application))
#19 G:\\salepropos\\vendor\\laravel\\framework\\src\\Illuminate\\Foundation\\Console\\Kernel.php(297): Illuminate\\Foundation\\Application->bootstrapWith(Array)
#20 G:\\salepropos\\vendor\\laravel\\framework\\src\\Illuminate\\Foundation\\Console\\Kernel.php(120): Illuminate\\Foundation\\Console\\Kernel->bootstrap()
#21 G:\\salepropos\\artisan(37): Illuminate\\Foundation\\Console\\Kernel->handle(Object(Symfony\\Component\\Console\\Input\\ArgvInput), Object(Symfony\\Component\\Console\\Output\\ConsoleOutput))
#22 {main}
"} 
[2021-01-27 21:47:39] local.ERROR: SQLSTATE[42S02]: Base table or view not found: 1146 Table 'salepropos.general_settings' doesn't exist (SQL: select * from `general_settings` order by `created_at` desc limit 1) {"exception":"[object] (Illuminate\\Database\\QueryException(code: 42S02): SQLSTATE[42S02]: Base table or view not found: 1146 Table 'salepropos.general_settings' doesn't exist (SQL: select * from `general_settings` order by `created_at` desc limit 1) at G:\\salepropos\\vendor\\laravel\\framework\\src\\Illuminate\\Database\\Connection.php:664, Doctrine\\DBAL\\Driver\\PDOException(code: 42S02): SQLSTATE[42S02]: Base table or view not found: 1146 Table 'salepropos.general_settings' doesn't exist at G:\\salepropos\\vendor\\doctrine\\dbal\\lib\\Doctrine\\DBAL\\Driver\\PDOConnection.php:82, PDOException(code: 42S02): SQLSTATE[42S02]: Base table or view not found: 1146 Table 'salepropos.general_settings' doesn't exist at G:\\salepropos\\vendor\\doctrine\\dbal\\lib\\Doctrine\\DBAL\\Driver\\PDOConnection.php:80)
[stacktrace]
#0 G:\\salepropos\\vendor\\laravel\\framework\\src\\Illuminate\\Database\\Connection.php(624): Illuminate\\Database\\Connection->runQueryCallback('select * from `...', Array, Object(Closure))
#1 G:\\salepropos\\vendor\\laravel\\framework\\src\\Illuminate\\Database\\Connection.php(333): Illuminate\\Database\\Connection->run('select * from `...', Array, Object(Closure))
#2 G:\\salepropos\\vendor\\laravel\\framework\\src\\Illuminate\\Database\\Query\\Builder.php(1963): Illuminate\\Database\\Connection->select('select * from `...', Array, true)
#3 G:\\salepropos\\vendor\\laravel\\framework\\src\\Illuminate\\Database\\Query\\Builder.php(1951): Illuminate\\Database\\Query\\Builder->runSelect()
#4 G:\\salepropos\\vendor\\laravel\\framework\\src\\Illuminate\\Database\\Query\\Builder.php(2435): Illuminate\\Database\\Query\\Builder->Illuminate\\Database\\Query\\{closure}()
#5 G:\\salepropos\\vendor\\laravel\\framework\\src\\Illuminate\\Database\\Query\\Builder.php(1952): Illuminate\\Database\\Query\\Builder->onceWithColumns(Array, Object(Closure))
#6 G:\\salepropos\\vendor\\laravel\\framework\\src\\Illuminate\\Database\\Concerns\\BuildsQueries.php(77): Illuminate\\Database\\Query\\Builder->get(Array)
#7 G:\\salepropos\\app\\Providers\\AppServiceProvider.php(41): Illuminate\\Database\\Query\\Builder->first()
#8 [internal function]: App\\Providers\\AppServiceProvider->boot()
#9 G:\\salepropos\\vendor\\laravel\\framework\\src\\Illuminate\\Container\\BoundMethod.php(29): call_user_func_array(Array, Array)
#10 G:\\salepropos\\vendor\\laravel\\framework\\src\\Illuminate\\Container\\BoundMethod.php(87): Illuminate\\Container\\BoundMethod::Illuminate\\Container\\{closure}()
#11 G:\\salepropos\\vendor\\laravel\\framework\\src\\Illuminate\\Container\\BoundMethod.php(31): Illuminate\\Container\\BoundMethod::callBoundMethod(Object(Illuminate\\Foundation\\Application), Array, Object(Closure))
#12 G:\\salepropos\\vendor\\laravel\\framework\\src\\Illuminate\\Container\\Container.php(564): Illuminate\\Container\\BoundMethod::call(Object(Illuminate\\Foundation\\Application), Array, Array, NULL)
#13 G:\\salepropos\\vendor\\laravel\\framework\\src\\Illuminate\\Foundation\\Application.php(794): Illuminate\\Container\\Container->call(Array)
#14 G:\\salepropos\\vendor\\laravel\\framework\\src\\Illuminate\\Foundation\\Application.php(777): Illuminate\\Foundation\\Application->bootProvider(Object(App\\Providers\\AppServiceProvider))
#15 [internal function]: Illuminate\\Foundation\\Application->Illuminate\\Foundation\\{closure}(Object(App\\Providers\\AppServiceProvider), 23)
#16 G:\\salepropos\\vendor\\laravel\\framework\\src\\Illuminate\\Foundation\\Application.php(778): array_walk(Array, Object(Closure))
#17 G:\\salepropos\\vendor\\laravel\\framework\\src\\Illuminate\\Foundation\\Bootstrap\\BootProviders.php(17): Illuminate\\Foundation\\Application->boot()
#18 G:\\salepropos\\vendor\\laravel\\framework\\src\\Illuminate\\Foundation\\Application.php(206): Illuminate\\Foundation\\Bootstrap\\BootProviders->bootstrap(Object(Illuminate\\Foundation\\Application))
#19 G:\\salepropos\\vendor\\laravel\\framework\\src\\Illuminate\\Foundation\\Console\\Kernel.php(297): Illuminate\\Foundation\\Application->bootstrapWith(Array)
#20 G:\\salepropos\\vendor\\laravel\\framework\\src\\Illuminate\\Foundation\\Console\\Kernel.php(120): Illuminate\\Foundation\\Console\\Kernel->bootstrap()
#21 G:\\salepropos\\artisan(37): Illuminate\\Foundation\\Console\\Kernel->handle(Object(Symfony\\Component\\Console\\Input\\ArgvInput), Object(Symfony\\Component\\Console\\Output\\ConsoleOutput))
#22 {main}
"} 
[2021-01-28 11:16:31] production.ERROR: SQLSTATE[HY000] [1045] Access denied for user 'forge'@'localhost' (using password: NO) (SQL: select * from `general_settings` order by `created_at` desc limit 1) {"exception":"[object] (Illuminate\\Database\\QueryException(code: 1045): SQLSTATE[HY000] [1045] Access denied for user 'forge'@'localhost' (using password: NO) (SQL: select * from `general_settings` order by `created_at` desc limit 1) at F:\\Xampp\\htdocs\\salepropos\\vendor\\laravel\\framework\\src\\Illuminate\\Database\\Connection.php:664, Doctrine\\DBAL\\Driver\\PDOException(code: 1045): SQLSTATE[HY000] [1045] Access denied for user 'forge'@'localhost' (using password: NO) at F:\\Xampp\\htdocs\\salepropos\\vendor\\doctrine\\dbal\\lib\\Doctrine\\DBAL\\Driver\\PDOConnection.php:50, PDOException(code: 1045): SQLSTATE[HY000] [1045] Access denied for user 'forge'@'localhost' (using password: NO) at F:\\Xampp\\htdocs\\salepropos\\vendor\\doctrine\\dbal\\lib\\Doctrine\\DBAL\\Driver\\PDOConnection.php:46)
[stacktrace]
#0 F:\\Xampp\\htdocs\\salepropos\\vendor\\laravel\\framework\\src\\Illuminate\\Database\\Connection.php(624): Illuminate\\Database\\Connection->runQueryCallback('select * from `...', Array, Object(Closure))
#1 F:\\Xampp\\htdocs\\salepropos\\vendor\\laravel\\framework\\src\\Illuminate\\Database\\Connection.php(333): Illuminate\\Database\\Connection->run('select * from `...', Array, Object(Closure))
#2 F:\\Xampp\\htdocs\\salepropos\\vendor\\laravel\\framework\\src\\Illuminate\\Database\\Query\\Builder.php(1963): Illuminate\\Database\\Connection->select('select * from `...', Array, true)
#3 F:\\Xampp\\htdocs\\salepropos\\vendor\\laravel\\framework\\src\\Illuminate\\Database\\Query\\Builder.php(1951): Illuminate\\Database\\Query\\Builder->runSelect()
#4 F:\\Xampp\\htdocs\\salepropos\\vendor\\laravel\\framework\\src\\Illuminate\\Database\\Query\\Builder.php(2435): Illuminate\\Database\\Query\\Builder->Illuminate\\Database\\Query\\{closure}()
#5 F:\\Xampp\\htdocs\\salepropos\\vendor\\laravel\\framework\\src\\Illuminate\\Database\\Query\\Builder.php(1952): Illuminate\\Database\\Query\\Builder->onceWithColumns(Array, Object(Closure))
#6 F:\\Xampp\\htdocs\\salepropos\\vendor\\laravel\\framework\\src\\Illuminate\\Database\\Concerns\\BuildsQueries.php(77): Illuminate\\Database\\Query\\Builder->get(Array)
#7 F:\\Xampp\\htdocs\\salepropos\\app\\Providers\\AppServiceProvider.php(41): Illuminate\\Database\\Query\\Builder->first()
#8 [internal function]: App\\Providers\\AppServiceProvider->boot()
#9 F:\\Xampp\\htdocs\\salepropos\\vendor\\laravel\\framework\\src\\Illuminate\\Container\\BoundMethod.php(29): call_user_func_array(Array, Array)
#10 F:\\Xampp\\htdocs\\salepropos\\vendor\\laravel\\framework\\src\\Illuminate\\Container\\BoundMethod.php(87): Illuminate\\Container\\BoundMethod::Illuminate\\Container\\{closure}()
#11 F:\\Xampp\\htdocs\\salepropos\\vendor\\laravel\\framework\\src\\Illuminate\\Container\\BoundMethod.php(31): Illuminate\\Container\\BoundMethod::callBoundMethod(Object(Illuminate\\Foundation\\Application), Array, Object(Closure))
#12 F:\\Xampp\\htdocs\\salepropos\\vendor\\laravel\\framework\\src\\Illuminate\\Container\\Container.php(564): Illuminate\\Container\\BoundMethod::call(Object(Illuminate\\Foundation\\Application), Array, Array, NULL)
#13 F:\\Xampp\\htdocs\\salepropos\\vendor\\laravel\\framework\\src\\Illuminate\\Foundation\\Application.php(794): Illuminate\\Container\\Container->call(Array)
#14 F:\\Xampp\\htdocs\\salepropos\\vendor\\laravel\\framework\\src\\Illuminate\\Foundation\\Application.php(777): Illuminate\\Foundation\\Application->bootProvider(Object(App\\Providers\\AppServiceProvider))
#15 [internal function]: Illuminate\\Foundation\\Application->Illuminate\\Foundation\\{closure}(Object(App\\Providers\\AppServiceProvider), 23)
#16 F:\\Xampp\\htdocs\\salepropos\\vendor\\laravel\\framework\\src\\Illuminate\\Foundation\\Application.php(778): array_walk(Array, Object(Closure))
#17 F:\\Xampp\\htdocs\\salepropos\\vendor\\laravel\\framework\\src\\Illuminate\\Foundation\\Bootstrap\\BootProviders.php(17): Illuminate\\Foundation\\Application->boot()
#18 F:\\Xampp\\htdocs\\salepropos\\vendor\\laravel\\framework\\src\\Illuminate\\Foundation\\Application.php(206): Illuminate\\Foundation\\Bootstrap\\BootProviders->bootstrap(Object(Illuminate\\Foundation\\Application))
#19 F:\\Xampp\\htdocs\\salepropos\\vendor\\laravel\\framework\\src\\Illuminate\\Foundation\\Http\\Kernel.php(162): Illuminate\\Foundation\\Application->bootstrapWith(Array)
#20 F:\\Xampp\\htdocs\\salepropos\\vendor\\laravel\\framework\\src\\Illuminate\\Foundation\\Http\\Kernel.php(146): Illuminate\\Foundation\\Http\\Kernel->bootstrap()
#21 F:\\Xampp\\htdocs\\salepropos\\vendor\\laravel\\framework\\src\\Illuminate\\Foundation\\Http\\Kernel.php(116): Illuminate\\Foundation\\Http\\Kernel->sendRequestThroughRouter(Object(Illuminate\\Http\\Request))
#22 F:\\Xampp\\htdocs\\salepropos\\public\\index.php(55): Illuminate\\Foundation\\Http\\Kernel->handle(Object(Illuminate\\Http\\Request))
#23 F:\\Xampp\\htdocs\\salepropos\\index.php(17): require_once('F:\\\\Xampp\\\\htdocs...')
#24 {main}
"} 
[2021-02-03 13:38:16] production.ERROR: SQLSTATE[HY000] [1045] Access denied for user 'forge'@'localhost' (using password: NO) (SQL: select * from `general_settings` order by `created_at` desc limit 1) {"exception":"[object] (Illuminate\\Database\\QueryException(code: 1045): SQLSTATE[HY000] [1045] Access denied for user 'forge'@'localhost' (using password: NO) (SQL: select * from `general_settings` order by `created_at` desc limit 1) at F:\\Xampp\\htdocs\\salepropos\\vendor\\laravel\\framework\\src\\Illuminate\\Database\\Connection.php:664, Doctrine\\DBAL\\Driver\\PDOException(code: 1045): SQLSTATE[HY000] [1045] Access denied for user 'forge'@'localhost' (using password: NO) at F:\\Xampp\\htdocs\\salepropos\\vendor\\doctrine\\dbal\\lib\\Doctrine\\DBAL\\Driver\\PDOConnection.php:50, PDOException(code: 1045): SQLSTATE[HY000] [1045] Access denied for user 'forge'@'localhost' (using password: NO) at F:\\Xampp\\htdocs\\salepropos\\vendor\\doctrine\\dbal\\lib\\Doctrine\\DBAL\\Driver\\PDOConnection.php:46)
[stacktrace]
#0 F:\\Xampp\\htdocs\\salepropos\\vendor\\laravel\\framework\\src\\Illuminate\\Database\\Connection.php(624): Illuminate\\Database\\Connection->runQueryCallback('select * from `...', Array, Object(Closure))
#1 F:\\Xampp\\htdocs\\salepropos\\vendor\\laravel\\framework\\src\\Illuminate\\Database\\Connection.php(333): Illuminate\\Database\\Connection->run('select * from `...', Array, Object(Closure))
#2 F:\\Xampp\\htdocs\\salepropos\\vendor\\laravel\\framework\\src\\Illuminate\\Database\\Query\\Builder.php(1963): Illuminate\\Database\\Connection->select('select * from `...', Array, true)
#3 F:\\Xampp\\htdocs\\salepropos\\vendor\\laravel\\framework\\src\\Illuminate\\Database\\Query\\Builder.php(1951): Illuminate\\Database\\Query\\Builder->runSelect()
#4 F:\\Xampp\\htdocs\\salepropos\\vendor\\laravel\\framework\\src\\Illuminate\\Database\\Query\\Builder.php(2435): Illuminate\\Database\\Query\\Builder->Illuminate\\Database\\Query\\{closure}()
#5 F:\\Xampp\\htdocs\\salepropos\\vendor\\laravel\\framework\\src\\Illuminate\\Database\\Query\\Builder.php(1952): Illuminate\\Database\\Query\\Builder->onceWithColumns(Array, Object(Closure))
#6 F:\\Xampp\\htdocs\\salepropos\\vendor\\laravel\\framework\\src\\Illuminate\\Database\\Concerns\\BuildsQueries.php(77): Illuminate\\Database\\Query\\Builder->get(Array)
#7 F:\\Xampp\\htdocs\\salepropos\\app\\Providers\\AppServiceProvider.php(41): Illuminate\\Database\\Query\\Builder->first()
#8 [internal function]: App\\Providers\\AppServiceProvider->boot()
#9 F:\\Xampp\\htdocs\\salepropos\\vendor\\laravel\\framework\\src\\Illuminate\\Container\\BoundMethod.php(29): call_user_func_array(Array, Array)
#10 F:\\Xampp\\htdocs\\salepropos\\vendor\\laravel\\framework\\src\\Illuminate\\Container\\BoundMethod.php(87): Illuminate\\Container\\BoundMethod::Illuminate\\Container\\{closure}()
#11 F:\\Xampp\\htdocs\\salepropos\\vendor\\laravel\\framework\\src\\Illuminate\\Container\\BoundMethod.php(31): Illuminate\\Container\\BoundMethod::callBoundMethod(Object(Illuminate\\Foundation\\Application), Array, Object(Closure))
#12 F:\\Xampp\\htdocs\\salepropos\\vendor\\laravel\\framework\\src\\Illuminate\\Container\\Container.php(564): Illuminate\\Container\\BoundMethod::call(Object(Illuminate\\Foundation\\Application), Array, Array, NULL)
#13 F:\\Xampp\\htdocs\\salepropos\\vendor\\laravel\\framework\\src\\Illuminate\\Foundation\\Application.php(794): Illuminate\\Container\\Container->call(Array)
#14 F:\\Xampp\\htdocs\\salepropos\\vendor\\laravel\\framework\\src\\Illuminate\\Foundation\\Application.php(777): Illuminate\\Foundation\\Application->bootProvider(Object(App\\Providers\\AppServiceProvider))
#15 [internal function]: Illuminate\\Foundation\\Application->Illuminate\\Foundation\\{closure}(Object(App\\Providers\\AppServiceProvider), 23)
#16 F:\\Xampp\\htdocs\\salepropos\\vendor\\laravel\\framework\\src\\Illuminate\\Foundation\\Application.php(778): array_walk(Array, Object(Closure))
#17 F:\\Xampp\\htdocs\\salepropos\\vendor\\laravel\\framework\\src\\Illuminate\\Foundation\\Bootstrap\\BootProviders.php(17): Illuminate\\Foundation\\Application->boot()
#18 F:\\Xampp\\htdocs\\salepropos\\vendor\\laravel\\framework\\src\\Illuminate\\Foundation\\Application.php(206): Illuminate\\Foundation\\Bootstrap\\BootProviders->bootstrap(Object(Illuminate\\Foundation\\Application))
#19 F:\\Xampp\\htdocs\\salepropos\\vendor\\laravel\\framework\\src\\Illuminate\\Foundation\\Http\\Kernel.php(162): Illuminate\\Foundation\\Application->bootstrapWith(Array)
#20 F:\\Xampp\\htdocs\\salepropos\\vendor\\laravel\\framework\\src\\Illuminate\\Foundation\\Http\\Kernel.php(146): Illuminate\\Foundation\\Http\\Kernel->bootstrap()
#21 F:\\Xampp\\htdocs\\salepropos\\vendor\\laravel\\framework\\src\\Illuminate\\Foundation\\Http\\Kernel.php(116): Illuminate\\Foundation\\Http\\Kernel->sendRequestThroughRouter(Object(Illuminate\\Http\\Request))
#22 F:\\Xampp\\htdocs\\salepropos\\public\\index.php(55): Illuminate\\Foundation\\Http\\Kernel->handle(Object(Illuminate\\Http\\Request))
#23 F:\\Xampp\\htdocs\\salepropos\\index.php(17): require_once('F:\\\\Xampp\\\\htdocs...')
#24 {main}
"} 
[2021-02-16 17:08:24] local.ERROR: SQLSTATE[HY000] [2002] No connection could be made because the target machine actively refused it.
 (SQL: select * from `general_settings` order by `created_at` desc limit 1) {"exception":"[object] (Illuminate\\Database\\QueryException(code: 2002): SQLSTATE[HY000] [2002] No connection could be made because the target machine actively refused it.
 (SQL: select * from `general_settings` order by `created_at` desc limit 1) at F:\\Xampp\\htdocs\\salepropos\\vendor\\laravel\\framework\\src\\Illuminate\\Database\\Connection.php:664, Doctrine\\DBAL\\Driver\\PDOException(code: 2002): SQLSTATE[HY000] [2002] No connection could be made because the target machine actively refused it.
 at F:\\Xampp\\htdocs\\salepropos\\vendor\\doctrine\\dbal\\lib\\Doctrine\\DBAL\\Driver\\PDOConnection.php:50, PDOException(code: 2002): SQLSTATE[HY000] [2002] No connection could be made because the target machine actively refused it.
 at F:\\Xampp\\htdocs\\salepropos\\vendor\\doctrine\\dbal\\lib\\Doctrine\\DBAL\\Driver\\PDOConnection.php:46)
[stacktrace]
#0 F:\\Xampp\\htdocs\\salepropos\\vendor\\laravel\\framework\\src\\Illuminate\\Database\\Connection.php(624): Illuminate\\Database\\Connection->runQueryCallback('select * from `...', Array, Object(Closure))
#1 F:\\Xampp\\htdocs\\salepropos\\vendor\\laravel\\framework\\src\\Illuminate\\Database\\Connection.php(333): Illuminate\\Database\\Connection->run('select * from `...', Array, Object(Closure))
#2 F:\\Xampp\\htdocs\\salepropos\\vendor\\laravel\\framework\\src\\Illuminate\\Database\\Query\\Builder.php(1963): Illuminate\\Database\\Connection->select('select * from `...', Array, true)
#3 F:\\Xampp\\htdocs\\salepropos\\vendor\\laravel\\framework\\src\\Illuminate\\Database\\Query\\Builder.php(1951): Illuminate\\Database\\Query\\Builder->runSelect()
#4 F:\\Xampp\\htdocs\\salepropos\\vendor\\laravel\\framework\\src\\Illuminate\\Database\\Query\\Builder.php(2435): Illuminate\\Database\\Query\\Builder->Illuminate\\Database\\Query\\{closure}()
#5 F:\\Xampp\\htdocs\\salepropos\\vendor\\laravel\\framework\\src\\Illuminate\\Database\\Query\\Builder.php(1952): Illuminate\\Database\\Query\\Builder->onceWithColumns(Array, Object(Closure))
#6 F:\\Xampp\\htdocs\\salepropos\\vendor\\laravel\\framework\\src\\Illuminate\\Database\\Concerns\\BuildsQueries.php(77): Illuminate\\Database\\Query\\Builder->get(Array)
#7 F:\\Xampp\\htdocs\\salepropos\\app\\Providers\\AppServiceProvider.php(41): Illuminate\\Database\\Query\\Builder->first()
#8 [internal function]: App\\Providers\\AppServiceProvider->boot()
#9 F:\\Xampp\\htdocs\\salepropos\\vendor\\laravel\\framework\\src\\Illuminate\\Container\\BoundMethod.php(29): call_user_func_array(Array, Array)
#10 F:\\Xampp\\htdocs\\salepropos\\vendor\\laravel\\framework\\src\\Illuminate\\Container\\BoundMethod.php(87): Illuminate\\Container\\BoundMethod::Illuminate\\Container\\{closure}()
#11 F:\\Xampp\\htdocs\\salepropos\\vendor\\laravel\\framework\\src\\Illuminate\\Container\\BoundMethod.php(31): Illuminate\\Container\\BoundMethod::callBoundMethod(Object(Illuminate\\Foundation\\Application), Array, Object(Closure))
#12 F:\\Xampp\\htdocs\\salepropos\\vendor\\laravel\\framework\\src\\Illuminate\\Container\\Container.php(564): Illuminate\\Container\\BoundMethod::call(Object(Illuminate\\Foundation\\Application), Array, Array, NULL)
#13 F:\\Xampp\\htdocs\\salepropos\\vendor\\laravel\\framework\\src\\Illuminate\\Foundation\\Application.php(794): Illuminate\\Container\\Container->call(Array)
#14 F:\\Xampp\\htdocs\\salepropos\\vendor\\laravel\\framework\\src\\Illuminate\\Foundation\\Application.php(777): Illuminate\\Foundation\\Application->bootProvider(Object(App\\Providers\\AppServiceProvider))
#15 [internal function]: Illuminate\\Foundation\\Application->Illuminate\\Foundation\\{closure}(Object(App\\Providers\\AppServiceProvider), 23)
#16 F:\\Xampp\\htdocs\\salepropos\\vendor\\laravel\\framework\\src\\Illuminate\\Foundation\\Application.php(778): array_walk(Array, Object(Closure))
#17 F:\\Xampp\\htdocs\\salepropos\\vendor\\laravel\\framework\\src\\Illuminate\\Foundation\\Bootstrap\\BootProviders.php(17): Illuminate\\Foundation\\Application->boot()
#18 F:\\Xampp\\htdocs\\salepropos\\vendor\\laravel\\framework\\src\\Illuminate\\Foundation\\Application.php(206): Illuminate\\Foundation\\Bootstrap\\BootProviders->bootstrap(Object(Illuminate\\Foundation\\Application))
#19 F:\\Xampp\\htdocs\\salepropos\\vendor\\laravel\\framework\\src\\Illuminate\\Foundation\\Http\\Kernel.php(162): Illuminate\\Foundation\\Application->bootstrapWith(Array)
#20 F:\\Xampp\\htdocs\\salepropos\\vendor\\laravel\\framework\\src\\Illuminate\\Foundation\\Http\\Kernel.php(146): Illuminate\\Foundation\\Http\\Kernel->bootstrap()
#21 F:\\Xampp\\htdocs\\salepropos\\vendor\\laravel\\framework\\src\\Illuminate\\Foundation\\Http\\Kernel.php(116): Illuminate\\Foundation\\Http\\Kernel->sendRequestThroughRouter(Object(Illuminate\\Http\\Request))
#22 F:\\Xampp\\htdocs\\salepropos\\public\\index.php(55): Illuminate\\Foundation\\Http\\Kernel->handle(Object(Illuminate\\Http\\Request))
#23 F:\\Xampp\\htdocs\\salepropos\\index.php(17): require_once('F:\\\\Xampp\\\\htdocs...')
#24 {main}
"} 
